<?xml version="1.0" encoding="UTF-8"?>
<testng-results skipped="0" failed="0" total="1" passed="1">
  <reporter-output>
  </reporter-output>
  <suite name="Default suite" duration-ms="2320" started-at="2018-03-08T10:47:10Z" finished-at="2018-03-08T10:47:13Z">
    <groups>
    </groups>
    <test name="Default test" duration-ms="2320" started-at="2018-03-08T10:47:10Z" finished-at="2018-03-08T10:47:13Z">
      <class name="Mult_Package.Mult_Func">
        <test-method status="PASS" signature="init()[pri:0, instance:Mult_Package.Mult_Func@68c4039c]" name="init" is-config="true" duration-ms="17939" started-at="2018-03-08T16:16:52Z" finished-at="2018-03-08T16:17:10Z">
          <reporter-output>
          </reporter-output>
        </test-method> <!-- init -->
        <test-method status="PASS" signature="multiply_function()[pri:0, instance:Mult_Package.Mult_Func@68c4039c]" name="multiply_function" duration-ms="2292" started-at="2018-03-08T16:17:10Z" finished-at="2018-03-08T16:17:13Z">
          <reporter-output>
          </reporter-output>
        </test-method> <!-- multiply_function -->
      </class> <!-- Mult_Package.Mult_Func -->
    </test> <!-- Default test -->
  </suite> <!-- Default suite -->
</testng-results>
