<?xml version="1.0" encoding="UTF-8"?>
<testng-results skipped="0" failed="0" total="1" passed="1">
  <reporter-output>
    <line>
      <![CDATA[Multiply Function is Executed and functioning sucessfully]]>
    </line>
  </reporter-output>
  <suite name="Suite" duration-ms="7499" started-at="2018-03-08T11:06:44Z" finished-at="2018-03-08T11:06:51Z">
    <groups>
    </groups>
    <test name="Test" duration-ms="7499" started-at="2018-03-08T11:06:44Z" finished-at="2018-03-08T11:06:51Z">
      <class name="Mult_Package.Mult_Func">
        <test-method status="PASS" signature="init()[pri:0, instance:Mult_Package.Mult_Func@246ae04d]" name="init" is-config="true" duration-ms="16617" started-at="2018-03-08T16:36:27Z" finished-at="2018-03-08T16:36:44Z">
          <reporter-output>
          </reporter-output>
        </test-method> <!-- init -->
        <test-method status="PASS" signature="multiply_function()[pri:0, instance:Mult_Package.Mult_Func@246ae04d]" name="multiply_function" duration-ms="7487" started-at="2018-03-08T16:36:44Z" finished-at="2018-03-08T16:36:51Z">
          <reporter-output>
            <line>
              <![CDATA[Multiply Function is Executed and functioning sucessfully]]>
            </line>
          </reporter-output>
        </test-method> <!-- multiply_function -->
      </class> <!-- Mult_Package.Mult_Func -->
    </test> <!-- Test -->
  </suite> <!-- Suite -->
</testng-results>
