<?xml version="1.0" encoding="UTF-8"?>
<testng-results skipped="0" failed="0" total="1" passed="1">
  <reporter-output>
  </reporter-output>
  <suite name="Default suite" duration-ms="28138" started-at="2018-03-19T07:42:50Z" finished-at="2018-03-19T07:43:18Z">
    <groups>
    </groups>
    <test name="Default test" duration-ms="28138" started-at="2018-03-19T07:42:50Z" finished-at="2018-03-19T07:43:18Z">
      <class name="slateandtell.bar.regression.bar_regression">
        <test-method status="PASS" signature="init_elements()[pri:0, instance:slateandtell.bar.regression.bar_regression@23ceabc1]" name="init_elements" is-config="true" duration-ms="11233" started-at="2018-03-19T13:12:50Z" finished-at="2018-03-19T13:13:01Z">
          <reporter-output>
          </reporter-output>
        </test-method> <!-- init_elements -->
        <test-method status="PASS" signature="bar_module()[pri:0, instance:slateandtell.bar.regression.bar_regression@23ceabc1]" name="bar_module" duration-ms="13091" started-at="2018-03-19T13:13:01Z" finished-at="2018-03-19T13:13:14Z">
          <reporter-output>
          </reporter-output>
        </test-method> <!-- bar_module -->
        <test-method status="PASS" signature="quit()[pri:0, instance:slateandtell.bar.regression.bar_regression@23ceabc1]" name="quit" is-config="true" duration-ms="3776" started-at="2018-03-19T13:13:14Z" finished-at="2018-03-19T13:13:18Z">
          <reporter-output>
          </reporter-output>
        </test-method> <!-- quit -->
      </class> <!-- slateandtell.bar.regression.bar_regression -->
    </test> <!-- Default test -->
  </suite> <!-- Default suite -->
</testng-results>
