<?xml version="1.0" encoding="UTF-8"?>
<testng-results skipped="0" failed="0" total="1" passed="1">
  <reporter-output>
    <line>
      <![CDATA[Phone Number is missing]]>
    </line>
  </reporter-output>
  <suite name="Default suite" duration-ms="14849" started-at="2018-03-13T09:09:12Z" finished-at="2018-03-13T09:09:26Z">
    <groups>
    </groups>
    <test name="Default test" duration-ms="14849" started-at="2018-03-13T09:09:12Z" finished-at="2018-03-13T09:09:26Z">
      <class name="Module_Package.Registration_Module">
        <test-method status="PASS" signature="init_configuration()[pri:0, instance:Module_Package.Registration_Module@23ceabc1]" name="init_configuration" is-config="true" duration-ms="3378" started-at="2018-03-13T14:39:12Z" finished-at="2018-03-13T14:39:15Z">
          <reporter-output>
          </reporter-output>
        </test-method> <!-- init_configuration -->
        <test-method status="PASS" signature="Registration_Module()[pri:0, instance:Module_Package.Registration_Module@23ceabc1]" name="Registration_Module" duration-ms="11442" started-at="2018-03-13T14:39:15Z" finished-at="2018-03-13T14:39:26Z">
          <reporter-output>
            <line>
              <![CDATA[Phone Number is missing]]>
            </line>
          </reporter-output>
        </test-method> <!-- Registration_Module -->
        <test-method status="PASS" signature="quit()[pri:0, instance:Module_Package.Registration_Module@23ceabc1]" name="quit" is-config="true" duration-ms="0" started-at="2018-03-13T14:39:26Z" finished-at="2018-03-13T14:39:26Z">
          <reporter-output>
          </reporter-output>
        </test-method> <!-- quit -->
      </class> <!-- Module_Package.Registration_Module -->
    </test> <!-- Default test -->
  </suite> <!-- Default suite -->
</testng-results>
